<?xml version="1.0" encoding="UTF-8"?>
<!-- Generated by org.testng.reporters.JUnitReportReporter -->
<testsuite skipped="0" hostname="DESKTOP-JQ0LRFT" name="apiTesting.GetRequest" tests="1" failures="0" timestamp="2020-03-19T21:55:15 EDT" time="4.955" errors="0">
  <testcase name="getCall" time="4.955" classname="apiTesting.GetRequest"/>
  <system-out/>
</testsuite> <!-- apiTesting.GetRequest -->
